<?xml version="1.0" encoding="UTF-8"?>
<testsuite xmlns:xsi="http://www.w3.org/2001/XMLSchema-instance" xsi:noNamespaceSchemaLocation="https://maven.apache.org/surefire/maven-surefire-plugin/xsd/surefire-test-report.xsd" name="FirstTests" time="2.326" tests="109" errors="0" skipped="0" failures="2">
  <properties>
[...]
</properties>
  <testcase name="testWhichPassEveryTime10" classname="FirstTests" time="0.003"/>
  <testcase name="testWhichPassEveryTime11" classname="FirstTests" time="0.026"/>
  <testcase name="testWhichPassEveryTime12" classname="FirstTests" time="0.021"/>
  <testcase name="testWhichPassEveryTime13" classname="FirstTests" time="0.03"/>
  <testcase name="testWhichPassEveryTime14" classname="FirstTests" time="0.024"/>
  <testcase name="testWhichPassEveryTime15" classname="FirstTests" time="0.022"/>
  <testcase name="testWhichPassEveryTime16" classname="FirstTests" time="0.019"/>
  <testcase name="testWhichPassEveryTime17" classname="FirstTests" time="0.021"/>
  <testcase name="testWhichPassEveryTime18" classname="FirstTests" time="0.022"/>
  <testcase name="testWhichPassEveryTime19" classname="FirstTests" time="0.02"/>
  <testcase name="testWhichPassEveryTime20" classname="FirstTests" time="0.016"/>
  <testcase name="testWhichPassEveryTime21" classname="FirstTests" time="0.015"/>
  <testcase name="testWhichPassEveryTime22" classname="FirstTests" time="0.019"/>
  <testcase name="testWhichPassEveryTime23" classname="FirstTests" time="0.016"/>
  <testcase name="testWhichPassEveryTime24" classname="FirstTests" time="0.017"/>
  <testcase name="testWhichPassEveryTime25" classname="FirstTests" time="0.018"/>
  <testcase name="testWhichPassEveryTime26" classname="FirstTests" time="0.019"/>
  <testcase name="testWhichPassEveryTime27" classname="FirstTests" time="0.019"/>
  <testcase name="testWhichPassEveryTime28" classname="FirstTests" time="0.019"/>
  <testcase name="testWhichPassEveryTime29" classname="FirstTests" time="0.022"/>
  <testcase name="testWhichPassEveryTime30" classname="FirstTests" time="0.019"/>
  <testcase name="testWhichPassEveryTime31" classname="FirstTests" time="0.021"/>
  <testcase name="testWhichPassEveryTime32" classname="FirstTests" time="0.022"/>
  <testcase name="testWhichPassEveryTime33" classname="FirstTests" time="0.025"/>
  <testcase name="testWhichPassEveryTime34" classname="FirstTests" time="0.021"/>
  <testcase name="testWhichPassEveryTime35" classname="FirstTests" time="0.022"/>
  <testcase name="testWhichPassEveryTime36" classname="FirstTests" time="0.024"/>
  <testcase name="testWhichPassEveryTime37" classname="FirstTests" time="0.021"/>
  <testcase name="testWhichPassEveryTime38" classname="FirstTests" time="0.024"/>
  <testcase name="testWhichPassEveryTime39" classname="FirstTests" time="0.024"/>
  <testcase name="testWhichPassEveryTime40" classname="FirstTests" time="0.022"/>
  <testcase name="testWhichPassEveryTime41" classname="FirstTests" time="0.019"/>
  <testcase name="testWhichPassEveryTime42" classname="FirstTests" time="0.021"/>
  <testcase name="testWhichPassEveryTime43" classname="FirstTests" time="0.017"/>
  <testcase name="testWhichPassEveryTime44" classname="FirstTests" time="0.018"/>
  <testcase name="testWhichPassEveryTime45" classname="FirstTests" time="0.017"/>
  <testcase name="testWhichPassEveryTime46" classname="FirstTests" time="0.022"/>
  <testcase name="testWhichPassEveryTime47" classname="FirstTests" time="0.025"/>
  <testcase name="testWhichPassEveryTime48" classname="FirstTests" time="0.023"/>
  <testcase name="testWhichPassEveryTime49" classname="FirstTests" time="0.023"/>
  <testcase name="testWhichPassEveryTime50" classname="FirstTests" time="0.023"/>
  <testcase name="testWhichPassEveryTime51" classname="FirstTests" time="0.022"/>
  <testcase name="testWhichPassEveryTime52" classname="FirstTests" time="0.021"/>
  <testcase name="testWhichPassEveryTime53" classname="FirstTests" time="0.021"/>
  <testcase name="testWhichPassEveryTime54" classname="FirstTests" time="0.022"/>
  <testcase name="testWhichPassEveryTime55" classname="FirstTests" time="0.023"/>
  <testcase name="testWhichPassEveryTime56" classname="FirstTests" time="0.02"/>
  <testcase name="testWhichPassEveryTime57" classname="FirstTests" time="0.024"/>
  <testcase name="testWhichPassEveryTime58" classname="FirstTests" time="0.023"/>
  <testcase name="testWhichPassEveryTime59" classname="FirstTests" time="0.02"/>
  <testcase name="testWhichPassEveryTime60" classname="FirstTests" time="0.023"/>
  <testcase name="testWhichPassEveryTime61" classname="FirstTests" time="0.024"/>
  <testcase name="testWhichPassEveryTime62" classname="FirstTests" time="0.024"/>
  <testcase name="testWhichPassEveryTime63" classname="FirstTests" time="0.023"/>
  <testcase name="testWhichPassEveryTime64" classname="FirstTests" time="0.023"/>
  <testcase name="testWhichPassEveryTime65" classname="FirstTests" time="0.024"/>
  <testcase name="testWhichPassEveryTime66" classname="FirstTests" time="0.023"/>
  <testcase name="testWhichPassEveryTime67" classname="FirstTests" time="0.021"/>
  <testcase name="testWhichPassEveryTime68" classname="FirstTests" time="0.021"/>
  <testcase name="testWhichPassEveryTime69" classname="FirstTests" time="0.021"/>
  <testcase name="testWhichPassEveryTime70" classname="FirstTests" time="0.022"/>
  <testcase name="testWhichPassEveryTime71" classname="FirstTests" time="0.02"/>
  <testcase name="testWhichPassEveryTime72" classname="FirstTests" time="0.018"/>
  <testcase name="testWhichPassEveryTime73" classname="FirstTests" time="0.023"/>
  <testcase name="testWhichPassEveryTime74" classname="FirstTests" time="0.025"/>
  <testcase name="testWhichPassEveryTime75" classname="FirstTests" time="0.026"/>
  <testcase name="testWhichPassEveryTime76" classname="FirstTests" time="0.028"/>
  <testcase name="testWhichPassEveryTime77" classname="FirstTests" time="0.026"/>
  <testcase name="testWhichPassEveryTime78" classname="FirstTests" time="0.027"/>
  <testcase name="testWhichPassEveryTime79" classname="FirstTests" time="0.025"/>
  <testcase name="testWhichPassEveryTime80" classname="FirstTests" time="0.023"/>
  <testcase name="testWhichPassEveryTime81" classname="FirstTests" time="0.026"/>
  <testcase name="testWhichPassEveryTime82" classname="FirstTests" time="0.026"/>
  <testcase name="testWhichPassEveryTime83" classname="FirstTests" time="0.023"/>
  <testcase name="testWhichPassEveryTime84" classname="FirstTests" time="0.027"/>
  <testcase name="testWhichPassEveryTime85" classname="FirstTests" time="0.019"/>
  <testcase name="testWhichPassEveryTime86" classname="FirstTests" time="0.017"/>
  <testcase name="testWhichPassEveryTime87" classname="FirstTests" time="0.041"/>
  <testcase name="testWhichPassEveryTime88" classname="FirstTests" time="0.018"/>
  <testcase name="testWhichPassEveryTime89" classname="FirstTests" time="0.023"/>
  <testcase name="testWhichPassEveryTime90" classname="FirstTests" time="0.017"/>
  <testcase name="testWhichPassEveryTime91" classname="FirstTests" time="0.02"/>
  <testcase name="testWhichPassEveryTime92" classname="FirstTests" time="0.02"/>
  <testcase name="testWhichPassEveryTime93" classname="FirstTests" time="0.022"/>
  <testcase name="testWhichPassEveryTime94" classname="FirstTests" time="0.022"/>
  <testcase name="testWhichPassEveryTime95" classname="FirstTests" time="0.021"/>
  <testcase name="testWhichPassEveryTime96" classname="FirstTests" time="0.014"/>
  <testcase name="testWhichPassEveryTime97" classname="FirstTests" time="0.023"/>
  <testcase name="testWhichPassEveryTime98" classname="FirstTests" time="0.014"/>
  <testcase name="testWhichPassEveryTime99" classname="FirstTests" time="0.016"/>
  <testcase name="test_saveStudent_invalidGroupNe_negativeNumber" classname="FirstTests" time="0.023"/>
  <testcase name="testWhichPassEveryTime0" classname="FirstTests" time="0.017"/>
  <testcase name="testWhichPassEveryTime1" classname="FirstTests" time="0.015"/>
  <testcase name="testWhichPassEveryTime2" classname="FirstTests" time="0.014"/>
  <testcase name="testWhichPassEveryTime3" classname="FirstTests" time="0.014"/>
  <testcase name="testWhichPassEveryTime4" classname="FirstTests" time="0.014"/>
  <testcase name="testWhichPassEveryTime5" classname="FirstTests" time="0.014"/>
  <testcase name="testWhichPassEveryTime6" classname="FirstTests" time="0.015"/>
  <testcase name="testWhichPassEveryTime7" classname="FirstTests" time="0.015"/>
  <testcase name="testWhichPassEveryTime8" classname="FirstTests" time="0.015"/>
  <testcase name="testWhichPassEveryTime9" classname="FirstTests" time="0.015"/>
  <testcase name="test_saveStudent_invalidId_idNull" classname="FirstTests" time="0.018"/>
  <testcase name="addStudent_validStudentGroup" classname="FirstTests" time="0.019"/>
  <testcase name="test_saveStudent_invalidGroupNe_tooBigNumber" classname="FirstTests" time="0.038"/>
  <testcase name="test_saveStudent_invalidName_nameNull" classname="FirstTests" time="0.027">
    <failure message="expected: &lt;0&gt; but was: &lt;1&gt;" type="org.opentest4j.AssertionFailedError"><![CDATA[org.opentest4j.AssertionFailedError: expected: <0> but was: <1>
	at FirstTests.test_saveStudent_invalidName_nameNull(FirstTests.java:120)
]]></failure>
    <system-out><![CDATA[Entitatea nu este valida! 
Nume invalid! 

]]></system-out>
  </testcase>
  <testcase name="testWhichPassEveryTime" classname="FirstTests" time="0.023"/>
  <testcase name="test_saveStudent_invalidName_missingName" classname="FirstTests" time="0.019">
    <failure message="expected: &lt;0&gt; but was: &lt;1&gt;" type="org.opentest4j.AssertionFailedError"><![CDATA[org.opentest4j.AssertionFailedError: expected: <0> but was: <1>
	at FirstTests.test_saveStudent_invalidName_missingName(FirstTests.java:112)
]]></failure>
    <system-out><![CDATA[Entitatea nu este valida! 
Nume invalid! 

]]></system-out>
  </testcase>
  <testcase name="test_saveStudent_invalidId_missingId" classname="FirstTests" time="0.014"/>
  <testcase name="addAssigment_successfully" classname="FirstTests" time="0.017"/>
</testsuite>